<?xml version="1.0" encoding="UTF-8"?>
<testsuite name="com.anas.calculator.CalculatorApplicationTests" tests="1" skipped="0" failures="0" errors="0" timestamp="2023-12-15T10:39:25" hostname="pc" time="0.904">
  <properties/>
  <testcase name="contextLoads()" classname="com.anas.calculator.CalculatorApplicationTests" time="0.904"/>
  <system-out><![CDATA[05:39:22.354 [Test worker] INFO org.springframework.test.context.support.AnnotationConfigContextLoaderUtils -- Could not detect default configuration classes for test class [com.anas.calculator.CalculatorApplicationTests]: CalculatorApplicationTests does not declare any static, non-private, non-final, nested classes annotated with @Configuration.
05:39:22.837 [Test worker] INFO org.springframework.boot.test.context.SpringBootTestContextBootstrapper -- Found @SpringBootConfiguration com.anas.calculator.CalculatorApplication for test class com.anas.calculator.CalculatorApplicationTests

  .   ____          _            __ _ _
 /\\ / ___'_ __ _ _(_)_ __  __ _ \ \ \ \
( ( )\___ | '_ | '_| | '_ \/ _` | \ \ \ \
 \\/  ___)| |_)| | | | | || (_| |  ) ) ) )
  '  |____| .__|_| |_|_| |_\__, | / / / /
 =========|_|==============|___/=/_/_/_/
 :: Spring Boot ::                (v3.2.0)

2023-12-15T05:39:24.088-05:00  INFO 35035 --- [    Test worker] c.a.c.CalculatorApplicationTests         : Starting CalculatorApplicationTests using Java 17.0.9 with PID 35035 (started by ana in /home/ana/acceptance)
2023-12-15T05:39:24.090-05:00  INFO 35035 --- [    Test worker] c.a.c.CalculatorApplicationTests         : No active profile set, falling back to 1 default profile: "default"
2023-12-15T05:39:25.753-05:00  INFO 35035 --- [    Test worker] c.a.c.CalculatorApplicationTests         : Started CalculatorApplicationTests in 2.479 seconds (process running for 5.612)
]]></system-out>
  <system-err><![CDATA[]]></system-err>
</testsuite>
